Atmosphère Crash Report (v1.7):
Result:                          0x4A8 (2168-0002)

Process Info:
    Process Name:                Application
    Program ID:                  050000baddad0000
    Process ID:                  0000000000000084
    Process Flags:               00000073
    User Exception Address:      00000000758c2000
Exception Info:
    Type:                        Data Abort
    Address:                     0000001872fcaf78
    Fault Address:               0000000000000000
Crashed Thread Info:
    Thread ID:                   0000000000000290
    Stack Region:                0000000018b21000-0000000018b42000
    Registers:
        X[00]:                   0000000018b41000
        X[01]:                   0000000c3b559200
        X[02]:                   0000001872fcaf70
        X[03]:                   0000000c37482670
        X[04]:                   00000000705cec60
        X[05]:                   0000000000000008
        X[06]:                   00000000000021f0
        X[07]:                   00000000000021f1
        X[08]:                   0101010101010101
        X[09]:                   0000000c2e200620
        X[10]:                   0000000000000020
        X[11]:                   0101010101010101
        X[12]:                   0000000000000028
        X[13]:                   ffffffffffffffff
        X[14]:                   ffffff0000000000
        X[15]:                   ffffffffffffffff
        X[16]:                   000000006faed6b0 (tinfoil + 0x2ed6b0)
        X[17]:                   0000000000000000
        X[18]:                   0000000018b40817
        X[19]:                   0000000000000030
        X[20]:                   0000000018b41000
        X[21]:                   0000000070557000
        X[22]:                   000000006f904000 (tinfoil + 0x104000)
        X[23]:                   0000000c3b559210
        X[24]:                   0000000000000000
        X[25]:                   0000000c3a9705f0
        X[26]:                   0000000c371a5630
        X[27]:                   0000000018b3e3c0
        X[28]:                   0000000000000007
        FP:                      0000000018b3dcd0
        LR:                      00000000700e9868 (tinfoil + 0x8e9868)
        SP:                      0000000018b3dcd0
        PC:                      00000000700e9b78 (tinfoil + 0x8e9b78)
    Stack Trace:
        ReturnAddress[00]:       0000000070097ecc (tinfoil + 0x897ecc)
        ReturnAddress[01]:       000000006f905c94 (tinfoil + 0x105c94)
        ReturnAddress[02]:       000000006f91cdd4 (tinfoil + 0x11cdd4)
        ReturnAddress[03]:       000000006f904664 (tinfoil + 0x104664)
        ReturnAddress[04]:       000000006f905ab8 (tinfoil + 0x105ab8)
        ReturnAddress[05]:       000000006f8e9518 (tinfoil + 0xe9518)
        ReturnAddress[06]:       000000006f88e94c (tinfoil + 0x8e94c)
        ReturnAddress[07]:       000000006f824ae8 (tinfoil + 0x24ae8)
        ReturnAddress[08]:       000000006f824cd8 (tinfoil + 0x24cd8)
        ReturnAddress[09]:       000000006f8f8d14 (tinfoil + 0xf8d14)
        ReturnAddress[10]:       000000006f99532c (tinfoil + 0x19532c)
        ReturnAddress[11]:       000000006f8feb44 (tinfoil + 0xfeb44)
        ReturnAddress[12]:       000000006fad64cc (tinfoil + 0x2d64cc)
        ReturnAddress[13]:       0000000000000000
    Stack Dump:                               00 01 02 03 04 05 06 07 08 09 0a 0b 0c 0d 0e 0f
                                 000018b3dcd0 40 dd b3 18 00 00 00 00 cc 7e 09 70 00 00 00 00
                                 000018b3dce0 20 00 00 00 00 00 00 00 d0 de 66 37 0c 00 00 00
                                 000018b3dcf0 01 00 00 00 00 00 00 00 00 40 90 6f 00 00 00 00
                                 000018b3dd00 48 df b3 18 00 00 00 00 00 00 00 00 00 00 00 00
                                 000018b3dd10 40 01 00 00 00 00 00 00 00 10 b4 18 00 00 00 00
                                 000018b3dd20 40 dd b3 18 00 00 00 00 cc 7e 09 70 00 00 00 00
                                 000018b3dd30 20 00 00 00 00 00 00 00 40 91 20 2e 0c 00 00 00
                                 000018b3dd40 60 dd b3 18 00 00 00 00 94 5c 90 6f 00 00 00 00
                                 000018b3dd50 c0 de 66 37 0c 00 00 00 d0 de 66 37 0c 00 00 00
                                 000018b3dd60 90 dd b3 18 00 00 00 00 d4 cd 91 6f 00 00 00 00
                                 000018b3dd70 c0 de 66 37 0c 00 00 00 40 91 20 2e 0c 00 00 00
                                 000018b3dd80 38 01 00 00 00 00 00 00 30 46 90 6f 00 00 00 00
                                 000018b3dd90 b0 dd b3 18 00 00 00 00 64 46 90 6f 00 00 00 00
                                 000018b3dda0 c0 de 66 37 0c 00 00 00 00 00 00 00 00 00 00 00
                                 000018b3ddb0 00 de b3 18 00 00 00 00 b8 5a 90 6f 00 00 00 00
                                 000018b3ddc0 c8 e1 b3 18 00 00 00 00 90 df b3 18 00 00 00 00
    TLS Address:                 0000000059dada00
    TLS Dump:                                 00 01 02 03 04 05 06 07 08 09 0a 0b 0c 0d 0e 0f
                                 000059dada00 00 00 00 00 09 00 00 00 00 00 00 00 00 00 00 00
                                 000059dada10 53 46 43 4f 00 00 00 00 00 00 00 00 39 2c 9d 05
                                 000059dada20 00 00 00 00 00 00 00 00 00 00 00 00 00 00 00 00
                                 000059dada30 07 00 00 00 00 00 00 00 00 a0 1d 08 b0 f0 00 01
                                 000059dada40 05 00 00 00 00 00 00 00 00 00 00 00 00 00 00 00
                                 000059dada50 00 00 00 00 00 00 00 00 00 00 00 00 00 00 00 00
                                 000059dada60 00 00 00 00 00 00 00 00 00 00 00 00 00 00 00 00
                                 000059dada70 00 00 00 00 00 00 00 00 00 00 00 00 00 00 00 00
                                 000059dada80 00 00 00 00 00 00 00 00 00 00 00 00 00 00 00 00
                                 000059dada90 00 00 00 00 00 00 00 00 00 00 00 00 00 00 00 00
                                 000059dadaa0 00 00 00 00 00 00 00 00 00 00 00 00 00 00 00 00
                                 000059dadab0 00 00 00 00 00 00 00 00 00 00 00 00 00 00 00 00
                                 000059dadac0 00 00 00 00 00 00 00 00 00 00 00 00 00 00 00 00
                                 000059dadad0 00 00 00 00 00 00 00 00 00 00 00 00 00 00 00 00
                                 000059dadae0 00 00 00 00 00 00 00 00 00 00 00 00 00 00 00 00
                                 000059dadaf0 00 00 00 00 00 00 00 00 00 00 00 00 00 00 00 00
Module Info:
    Number of Modules:           1
    Module 00:
        Address:                 000000006f800000-0000000070116000
        Name:                    tinfoil
        Module Id:               5179CE1D85F5F2C25C0283B17C039C0F9E2DAA51000000000000000000000000
Thread Report:
Number of Threads:               16
Threads[00]:
    Thread ID:                   0000000000000283
    Stack Region:                000000007953c000-000000007963c000
    Registers:
        X[00]:                   00000000000f4240
        X[01]:                   00000000000f4240
        X[02]:                   000000007963bb7c
        X[03]:                   0000000000000000
        X[04]:                   0000000000000000
        X[05]:                   0000000000000000
        X[06]:                   0000000000000000
        X[07]:                   0000000000000000
        X[08]:                   0000000000000000
        X[09]:                   0000000000000000
        X[10]:                   0000000000000000
        X[11]:                   0000000000000000
        X[12]:                   0000000000000000
        X[13]:                   0000000000000000
        X[14]:                   0000000000000000
        X[15]:                   0000000000000000
        X[16]:                   0000000000000000
        X[17]:                   0000000000000000
        X[18]:                   0000000000000000
        X[19]:                   0000000000000000
        X[20]:                   0000000000000000
        X[21]:                   0000000000000000
        X[22]:                   0000000000000000
        X[23]:                   0000000000000000
        X[24]:                   0000000000000000
        X[25]:                   0000000000000000
        X[26]:                   0000000000000000
        X[27]:                   0000000000000000
        X[28]:                   0000000000000000
        FP:                      000000007963bb20
        LR:                      000000006f937d40 (tinfoil + 0x137d40)
        SP:                      000000007963bb20
        PC:                      000000006faf0b04 (tinfoil + 0x2f0b04)
    Stack Trace:
        ReturnAddress[00]:       000000006f9388b4 (tinfoil + 0x1388b4)
        ReturnAddress[01]:       000000006f803d0c (tinfoil + 0x3d0c)
        ReturnAddress[02]:       000000006f803c50 (tinfoil + 0x3c50)
    Stack Dump:                               00 01 02 03 04 05 06 07 08 09 0a 0b 0c 0d 0e 0f
                                 00007963bb20 40 bb 63 79 00 00 00 00 b4 88 93 6f 00 00 00 00
                                 00007963bb30 40 bc 63 79 00 00 00 00 f8 bb 63 79 00 00 00 00
                                 00007963bb40 d0 bb 63 79 00 00 00 00 0c 3d 80 6f 00 00 00 00
                                 00007963bb50 40 bc 63 79 00 00 00 00 f8 bb 63 79 00 00 00 00
                                 00007963bb60 90 bb 63 79 00 00 00 00 14 ad ad 6f 00 00 00 00
                                 00007963bb70 90 bb 63 79 00 00 00 00 98 ae ad 6f 80 ba 63 79
                                 00007963bb80 00 00 00 00 00 00 00 00 f9 01 04 00 00 00 00 00
                                 00007963bb90 b0 bb 63 79 00 00 00 00 d4 af ad 6f 00 00 00 00
                                 00007963bba0 40 bc 63 79 00 00 00 00 f4 3c 80 6f 00 00 00 00
                                 00007963bbb0 d0 bb 63 79 00 00 00 00 fc 3c 80 6f 00 00 00 00
                                 00007963bbc0 00 00 00 00 00 00 00 00 90 75 93 6f 00 00 00 00
                                 00007963bbd0 00 00 00 00 00 00 00 00 50 3c 80 6f 00 00 00 00
                                 00007963bbe0 00 00 00 00 00 00 00 00 00 00 00 00 00 00 00 00
                                 00007963bbf0 79 d6 85 de bf 0f 8a 5e 10 ee 55 70 00 00 00 00
                                 00007963bc00 48 80 55 70 00 00 00 00 00 00 00 00 00 00 00 00
                                 00007963bc10 08 00 00 00 00 00 00 00 20 00 00 00 00 00 00 00
    TLS Address:                 00000000758c2200
    TLS Dump:                                 00 01 02 03 04 05 06 07 08 09 0a 0b 0c 0d 0e 0f
                                 0000758c2200 00 00 01 00 08 00 00 00 00 00 00 00 00 00 00 00
                                 0000758c2210 53 46 43 4f 00 00 00 00 00 00 00 00 77 08 ab b6
                                 0000758c2220 00 00 00 00 00 00 00 00 00 00 00 00 00 00 00 00
                                 0000758c2230 53 46 43 49 00 00 00 00 03 00 00 00 00 00 00 00
                                 0000758c2240 00 00 00 00 07 00 00 00 00 00 00 00 00 00 00 00
                                 0000758c2250 04 00 81 01 00 00 18 c0 00 00 00 00 00 00 00 00
                                 0000758c2260 00 00 00 00 18 00 00 00 98 b8 63 79 00 00 18 00
                                 0000758c2270 00 00 00 00 00 00 00 00 00 00 00 00 00 00 00 00
                                 0000758c2280 00 00 00 00 00 00 00 00 00 00 00 00 00 00 00 00
                                 0000758c2290 00 00 00 00 00 00 00 00 00 00 00 00 00 00 00 00
                                 0000758c22a0 00 00 00 00 00 00 00 00 00 00 00 00 00 00 00 00
                                 0000758c22b0 00 00 00 00 00 00 00 00 00 00 00 00 00 00 00 00
                                 0000758c22c0 00 00 00 00 00 00 00 00 00 00 00 00 00 00 00 00
                                 0000758c22d0 00 00 00 00 00 00 00 00 00 00 00 00 00 00 00 00
                                 0000758c22e0 00 00 00 00 00 00 00 00 00 00 00 00 00 00 00 00
                                 0000758c22f0 00 00 00 00 00 00 00 00 00 00 00 00 00 00 00 00
Threads[01]:
    Thread ID:                   0000000000000284
    Stack Region:                000000000c490000-000000000c4b1000
    Registers:
        X[00]:                   0000000005f5e100
        X[01]:                   00000000000f4240
        X[02]:                   00000000001201dd
        X[03]:                   0000000000000000
        X[04]:                   0000000000000000
        X[05]:                   0000000c2e22ca30
        X[06]:                   0000000000000021
        X[07]:                   0000000c3806d3c0
        X[08]:                   0000000000000000
        X[09]:                   0000000000000000
        X[10]:                   0000000000000000
        X[11]:                   0000000000000000
        X[12]:                   0000000000000000
        X[13]:                   0000000000000000
        X[14]:                   0000000000000000
        X[15]:                   0000000000000000
        X[16]:                   0000000000000000
        X[17]:                   0000000000000000
        X[18]:                   0000000000000000
        X[19]:                   0000000000000000
        X[20]:                   0000000000000000
        X[21]:                   0000000000000000
        X[22]:                   0000000000000000
        X[23]:                   0000000000000000
        X[24]:                   0000000000000000
        X[25]:                   0000000000000000
        X[26]:                   0000000000000000
        X[27]:                   0000000000000000
        X[28]:                   0000000000000000
        FP:                      000000000c4afee0
        LR:                      000000006f8f7de4 (tinfoil + 0xf7de4)
        SP:                      000000000c4afee0
        PC:                      000000006faf0b04 (tinfoil + 0x2f0b04)
    Stack Trace:
        ReturnAddress[00]:       000000006f8fea6c (tinfoil + 0xfea6c)
        ReturnAddress[01]:       000000006fad64cc (tinfoil + 0x2d64cc)
        ReturnAddress[02]:       0000000000000000
    Stack Dump:                               00 01 02 03 04 05 06 07 08 09 0a 0b 0c 0d 0e 0f
                                 00000c4afee0 20 ff 4a 0c 00 00 00 00 6c ea 8f 6f 00 00 00 00
                                 00000c4afef0 a0 d0 22 2e 0c 00 00 00 a8 d0 22 2e 0c 00 00 00
                                 00000c4aff00 10 e4 8f 6f 00 00 00 00 08 25 8c 75 00 00 00 00
                                 00000c4aff10 00 00 00 00 00 00 00 00 00 00 00 00 00 00 00 00
                                 00000c4aff20 a0 ff 4a 0c 00 00 00 00 cc 64 ad 6f 00 00 00 00
                                 00000c4aff30 d0 ff 4a 0c 00 00 00 00 08 25 8c 75 00 00 00 00
                                 00000c4aff40 00 b0 8b 74 00 00 00 00 00 00 00 00 00 00 00 00
                                 00000c4aff50 00 00 00 00 00 00 00 00 00 00 00 00 00 00 00 00
                                 00000c4aff60 00 00 00 00 00 00 00 00 00 00 00 00 00 00 00 00
                                 00000c4aff70 f0 e3 8f 6f 00 00 00 00 d0 e3 8f 6f 00 00 00 00
                                 00000c4aff80 a0 ff 4a 0c 00 00 00 00 94 64 ad 6f 00 00 00 00
                                 00000c4aff90 f0 e3 8f 6f 00 00 00 00 d0 e3 8f 6f 00 00 00 00
                                 00000c4affa0 00 00 00 00 00 00 00 00 00 00 00 00 00 00 00 00
                                 00000c4affb0 00 00 00 00 00 00 00 00 00 00 00 00 00 00 00 00
                                 00000c4affc0 00 00 00 00 00 00 00 00 00 00 00 00 00 00 00 00
                                 00000c4affd0 20 d1 22 2e 0c 00 00 00 70 e9 8f 6f 00 00 00 00
    TLS Address:                 00000000758c2400
    TLS Dump:                                 00 01 02 03 04 05 06 07 08 09 0a 0b 0c 0d 0e 0f
                                 0000758c2400 00 00 00 00 00 00 00 00 00 00 00 00 00 00 00 00
                                 0000758c2410 00 00 00 00 00 00 00 00 00 00 00 00 00 00 00 00
                                 0000758c2420 00 00 00 00 00 00 00 00 00 00 00 00 00 00 00 00
                                 0000758c2430 00 00 00 00 00 00 00 00 00 00 00 00 00 00 00 00
                                 0000758c2440 00 00 00 00 00 00 00 00 00 00 00 00 00 00 00 00
                                 0000758c2450 00 00 00 00 00 00 00 00 00 00 00 00 00 00 00 00
                                 0000758c2460 00 00 00 00 00 00 00 00 00 00 00 00 00 00 00 00
                                 0000758c2470 00 00 00 00 00 00 00 00 00 00 00 00 00 00 00 00
                                 0000758c2480 00 00 00 00 00 00 00 00 00 00 00 00 00 00 00 00
                                 0000758c2490 00 00 00 00 00 00 00 00 00 00 00 00 00 00 00 00
                                 0000758c24a0 00 00 00 00 00 00 00 00 00 00 00 00 00 00 00 00
                                 0000758c24b0 00 00 00 00 00 00 00 00 00 00 00 00 00 00 00 00
                                 0000758c24c0 00 00 00 00 00 00 00 00 00 00 00 00 00 00 00 00
                                 0000758c24d0 00 00 00 00 00 00 00 00 00 00 00 00 00 00 00 00
                                 0000758c24e0 00 00 00 00 00 00 00 00 00 00 00 00 00 00 00 00
                                 0000758c24f0 00 00 00 00 00 00 00 00 00 00 00 00 00 00 00 00
Threads[02]:
    Thread ID:                   0000000000000285
    Stack Region:                00000000332b3000-00000000332d4000
    Registers:
        X[00]:                   0000000005f5e100
        X[01]:                   00000000000f4240
        X[02]:                   00000000001281dc
        X[03]:                   0000000000000000
        X[04]:                   0000000000000000
        X[05]:                   0000000c2e22ca30
        X[06]:                   0000000000000021
        X[07]:                   0000000c3a8a1dd0
        X[08]:                   0000000000000000
        X[09]:                   0000000000000000
        X[10]:                   0000000000000000
        X[11]:                   0000000000000000
        X[12]:                   0000000000000000
        X[13]:                   0000000000000000
        X[14]:                   0000000000000000
        X[15]:                   0000000000000000
        X[16]:                   0000000000000000
        X[17]:                   0000000000000000
        X[18]:                   0000000000000000
        X[19]:                   0000000000000000
        X[20]:                   0000000000000000
        X[21]:                   0000000000000000
        X[22]:                   0000000000000000
        X[23]:                   0000000000000000
        X[24]:                   0000000000000000
        X[25]:                   0000000000000000
        X[26]:                   0000000000000000
        X[27]:                   0000000000000000
        X[28]:                   0000000000000000
        FP:                      00000000332d2ee0
        LR:                      000000006f8f7de4 (tinfoil + 0xf7de4)
        SP:                      00000000332d2ee0
        PC:                      000000006faf0b04 (tinfoil + 0x2f0b04)
    Stack Trace:
        ReturnAddress[00]:       000000006f8fea6c (tinfoil + 0xfea6c)
        ReturnAddress[01]:       000000006fad64cc (tinfoil + 0x2d64cc)
        ReturnAddress[02]:       0000000000000000
    Stack Dump:                               00 01 02 03 04 05 06 07 08 09 0a 0b 0c 0d 0e 0f
                                 0000332d2ee0 20 2f 2d 33 00 00 00 00 6c ea 8f 6f 00 00 00 00
                                 0000332d2ef0 58 d1 22 2e 0c 00 00 00 60 d1 22 2e 0c 00 00 00
                                 0000332d2f00 10 e4 8f 6f 00 00 00 00 08 27 8c 75 00 00 00 00
                                 0000332d2f10 00 00 00 00 00 00 00 00 00 00 00 00 00 00 00 00
                                 0000332d2f20 a0 2f 2d 33 00 00 00 00 cc 64 ad 6f 00 00 00 00
                                 0000332d2f30 d0 2f 2d 33 00 00 00 00 08 27 8c 75 00 00 00 00
                                 0000332d2f40 00 b0 8b 74 00 00 00 00 00 00 00 00 00 00 00 00
                                 0000332d2f50 00 00 00 00 00 00 00 00 00 00 00 00 00 00 00 00
                                 0000332d2f60 00 00 00 00 00 00 00 00 00 00 00 00 00 00 00 00
                                 0000332d2f70 f0 e3 8f 6f 00 00 00 00 d0 e3 8f 6f 00 00 00 00
                                 0000332d2f80 a0 2f 2d 33 00 00 00 00 94 64 ad 6f 00 00 00 00
                                 0000332d2f90 f0 e3 8f 6f 00 00 00 00 d0 e3 8f 6f 00 00 00 00
                                 0000332d2fa0 00 00 00 00 00 00 00 00 00 00 00 00 00 00 00 00
                                 0000332d2fb0 00 00 00 00 00 00 00 00 00 00 00 00 00 00 00 00
                                 0000332d2fc0 00 00 00 00 00 00 00 00 00 00 00 00 00 00 00 00
                                 0000332d2fd0 d8 d1 22 2e 0c 00 00 00 70 e9 8f 6f 00 00 00 00
    TLS Address:                 00000000758c2600
    TLS Dump:                                 00 01 02 03 04 05 06 07 08 09 0a 0b 0c 0d 0e 0f
                                 0000758c2600 00 00 00 00 00 00 00 00 00 00 00 00 00 00 00 00
                                 0000758c2610 00 00 00 00 00 00 00 00 00 00 00 00 00 00 00 00
                                 0000758c2620 00 00 00 00 00 00 00 00 00 00 00 00 00 00 00 00
                                 0000758c2630 00 00 00 00 00 00 00 00 00 00 00 00 00 00 00 00
                                 0000758c2640 00 00 00 00 00 00 00 00 00 00 00 00 00 00 00 00
                                 0000758c2650 00 00 00 00 00 00 00 00 00 00 00 00 00 00 00 00
                                 0000758c2660 00 00 00 00 00 00 00 00 00 00 00 00 00 00 00 00
                                 0000758c2670 00 00 00 00 00 00 00 00 00 00 00 00 00 00 00 00
                                 0000758c2680 00 00 00 00 00 00 00 00 00 00 00 00 00 00 00 00
                                 0000758c2690 00 00 00 00 00 00 00 00 00 00 00 00 00 00 00 00
                                 0000758c26a0 00 00 00 00 00 00 00 00 00 00 00 00 00 00 00 00
                                 0000758c26b0 00 00 00 00 00 00 00 00 00 00 00 00 00 00 00 00
                                 0000758c26c0 00 00 00 00 00 00 00 00 00 00 00 00 00 00 00 00
                                 0000758c26d0 00 00 00 00 00 00 00 00 00 00 00 00 00 00 00 00
                                 0000758c26e0 00 00 00 00 00 00 00 00 00 00 00 00 00 00 00 00
                                 0000758c26f0 00 00 00 00 00 00 00 00 00 00 00 00 00 00 00 00
Threads[03]:
    Thread ID:                   0000000000000286
    Stack Region:                000000006517e000-000000006519f000
    Registers:
        X[00]:                   0000000005f5e100
        X[01]:                   00000000000f4240
        X[02]:                   00000000001301db
        X[03]:                   0000000000000000
        X[04]:                   0000000000000000
        X[05]:                   0000000c2e22ca30
        X[06]:                   0000000000000021
        X[07]:                   0000000c3b5593f0
        X[08]:                   0000000000000000
        X[09]:                   0000000000000000
        X[10]:                   0000000000000000
        X[11]:                   0000000000000000
        X[12]:                   0000000000000000
        X[13]:                   0000000000000000
        X[14]:                   0000000000000000
        X[15]:                   0000000000000000
        X[16]:                   0000000000000000
        X[17]:                   0000000000000000
        X[18]:                   0000000000000000
        X[19]:                   0000000000000000
        X[20]:                   0000000000000000
        X[21]:                   0000000000000000
        X[22]:                   0000000000000000
        X[23]:                   0000000000000000
        X[24]:                   0000000000000000
        X[25]:                   0000000000000000
        X[26]:                   0000000000000000
        X[27]:                   0000000000000000
        X[28]:                   0000000000000000
        FP:                      000000006519dee0
        LR:                      000000006f8f7de4 (tinfoil + 0xf7de4)
        SP:                      000000006519dee0
        PC:                      000000006faf0b04 (tinfoil + 0x2f0b04)
    Stack Trace:
        ReturnAddress[00]:       000000006f8fea6c (tinfoil + 0xfea6c)
        ReturnAddress[01]:       000000006fad64cc (tinfoil + 0x2d64cc)
        ReturnAddress[02]:       0000000000000000
    Stack Dump:                               00 01 02 03 04 05 06 07 08 09 0a 0b 0c 0d 0e 0f
                                 00006519dee0 20 df 19 65 00 00 00 00 6c ea 8f 6f 00 00 00 00
                                 00006519def0 10 d2 22 2e 0c 00 00 00 18 d2 22 2e 0c 00 00 00
                                 00006519df00 10 e4 8f 6f 00 00 00 00 08 29 8c 75 00 00 00 00
                                 00006519df10 00 00 00 00 00 00 00 00 00 00 00 00 00 00 00 00
                                 00006519df20 a0 df 19 65 00 00 00 00 cc 64 ad 6f 00 00 00 00
                                 00006519df30 d0 df 19 65 00 00 00 00 08 29 8c 75 00 00 00 00
                                 00006519df40 00 b0 8b 74 00 00 00 00 00 00 00 00 00 00 00 00
                                 00006519df50 00 00 00 00 00 00 00 00 00 00 00 00 00 00 00 00
                                 00006519df60 00 00 00 00 00 00 00 00 00 00 00 00 00 00 00 00
                                 00006519df70 f0 e3 8f 6f 00 00 00 00 d0 e3 8f 6f 00 00 00 00
                                 00006519df80 a0 df 19 65 00 00 00 00 94 64 ad 6f 00 00 00 00
                                 00006519df90 f0 e3 8f 6f 00 00 00 00 d0 e3 8f 6f 00 00 00 00
                                 00006519dfa0 00 00 00 00 00 00 00 00 00 00 00 00 00 00 00 00
                                 00006519dfb0 00 00 00 00 00 00 00 00 00 00 00 00 00 00 00 00
                                 00006519dfc0 00 00 00 00 00 00 00 00 00 00 00 00 00 00 00 00
                                 00006519dfd0 90 d2 22 2e 0c 00 00 00 70 e9 8f 6f 00 00 00 00
    TLS Address:                 00000000758c2800
    TLS Dump:                                 00 01 02 03 04 05 06 07 08 09 0a 0b 0c 0d 0e 0f
                                 0000758c2800 00 00 00 00 00 00 00 00 00 00 00 00 00 00 00 00
                                 0000758c2810 00 00 00 00 00 00 00 00 00 00 00 00 00 00 00 00
                                 0000758c2820 00 00 00 00 00 00 00 00 00 00 00 00 00 00 00 00
                                 0000758c2830 00 00 00 00 00 00 00 00 00 00 00 00 00 00 00 00
                                 0000758c2840 00 00 00 00 00 00 00 00 00 00 00 00 00 00 00 00
                                 0000758c2850 00 00 00 00 00 00 00 00 00 00 00 00 00 00 00 00
                                 0000758c2860 00 00 00 00 00 00 00 00 00 00 00 00 00 00 00 00
                                 0000758c2870 00 00 00 00 00 00 00 00 00 00 00 00 00 00 00 00
                                 0000758c2880 00 00 00 00 00 00 00 00 00 00 00 00 00 00 00 00
                                 0000758c2890 00 00 00 00 00 00 00 00 00 00 00 00 00 00 00 00
                                 0000758c28a0 00 00 00 00 00 00 00 00 00 00 00 00 00 00 00 00
                                 0000758c28b0 00 00 00 00 00 00 00 00 00 00 00 00 00 00 00 00
                                 0000758c28c0 00 00 00 00 00 00 00 00 00 00 00 00 00 00 00 00
                                 0000758c28d0 00 00 00 00 00 00 00 00 00 00 00 00 00 00 00 00
                                 0000758c28e0 00 00 00 00 00 00 00 00 00 00 00 00 00 00 00 00
                                 0000758c28f0 00 00 00 00 00 00 00 00 00 00 00 00 00 00 00 00
Threads[04]:
    Thread ID:                   0000000000000287
    Stack Region:                00000000547b3000-00000000547d4000
    Registers:
        X[00]:                   0000000005f5e100
        X[01]:                   00000000000f4240
        X[02]:                   00000000001381da
        X[03]:                   0000000000000000
        X[04]:                   0000000000000000
        X[05]:                   00000000e0000002
        X[06]:                   0000000000000021
        X[07]:                   0000000c371f9380
        X[08]:                   0000000000000000
        X[09]:                   0000000000000000
        X[10]:                   0000000000000000
        X[11]:                   0000000000000000
        X[12]:                   0000000000000000
        X[13]:                   0000000000000000
        X[14]:                   0000000000000000
        X[15]:                   0000000000000000
        X[16]:                   0000000000000000
        X[17]:                   0000000000000000
        X[18]:                   0000000000000000
        X[19]:                   0000000000000000
        X[20]:                   0000000000000000
        X[21]:                   0000000000000000
        X[22]:                   0000000000000000
        X[23]:                   0000000000000000
        X[24]:                   0000000000000000
        X[25]:                   0000000000000000
        X[26]:                   0000000000000000
        X[27]:                   0000000000000000
        X[28]:                   0000000000000000
        FP:                      00000000547d2ee0
        LR:                      000000006f8f7de4 (tinfoil + 0xf7de4)
        SP:                      00000000547d2ee0
        PC:                      000000006faf0b04 (tinfoil + 0x2f0b04)
    Stack Trace:
        ReturnAddress[00]:       000000006f8fea6c (tinfoil + 0xfea6c)
        ReturnAddress[01]:       000000006fad64cc (tinfoil + 0x2d64cc)
        ReturnAddress[02]:       0000000000000000
    Stack Dump:                               00 01 02 03 04 05 06 07 08 09 0a 0b 0c 0d 0e 0f
                                 0000547d2ee0 20 2f 7d 54 00 00 00 00 6c ea 8f 6f 00 00 00 00
                                 0000547d2ef0 f0 3e 29 2e 0c 00 00 00 f8 3e 29 2e 0c 00 00 00
                                 0000547d2f00 10 e4 8f 6f 00 00 00 00 08 2b 8c 75 00 00 00 00
                                 0000547d2f10 00 00 00 00 00 00 00 00 00 00 00 00 00 00 00 00
                                 0000547d2f20 a0 2f 7d 54 00 00 00 00 cc 64 ad 6f 00 00 00 00
                                 0000547d2f30 d0 2f 7d 54 00 00 00 00 08 2b 8c 75 00 00 00 00
                                 0000547d2f40 00 b0 8b 74 00 00 00 00 00 00 00 00 00 00 00 00
                                 0000547d2f50 00 00 00 00 00 00 00 00 00 00 00 00 00 00 00 00
                                 0000547d2f60 00 00 00 00 00 00 00 00 00 00 00 00 00 00 00 00
                                 0000547d2f70 f0 e3 8f 6f 00 00 00 00 d0 e3 8f 6f 00 00 00 00
                                 0000547d2f80 a0 2f 7d 54 00 00 00 00 94 64 ad 6f 00 00 00 00
                                 0000547d2f90 f0 e3 8f 6f 00 00 00 00 d0 e3 8f 6f 00 00 00 00
                                 0000547d2fa0 00 00 00 00 00 00 00 00 00 00 00 00 00 00 00 00
                                 0000547d2fb0 00 00 00 00 00 00 00 00 00 00 00 00 00 00 00 00
                                 0000547d2fc0 00 00 00 00 00 00 00 00 00 00 00 00 00 00 00 00
                                 0000547d2fd0 70 3f 29 2e 0c 00 00 00 70 e9 8f 6f 00 00 00 00
    TLS Address:                 00000000758c2a00
    TLS Dump:                                 00 01 02 03 04 05 06 07 08 09 0a 0b 0c 0d 0e 0f
                                 0000758c2a00 00 00 00 00 0c 00 00 00 00 00 00 00 00 00 00 00
                                 0000758c2a10 00 00 00 00 00 00 00 00 00 00 00 00 00 00 00 00
                                 0000758c2a20 53 46 43 4f 00 00 00 00 00 00 00 00 eb ca d2 c4
                                 0000758c2a30 00 00 00 00 00 00 00 00 00 00 00 00 00 00 00 00
                                 0000758c2a40 20 78 42 00 00 00 00 00 2f 07 00 00 00 00 00 00
                                 0000758c2a50 00 00 00 00 00 00 00 00 00 00 00 00 00 00 00 00
                                 0000758c2a60 00 00 00 00 00 00 00 00 00 00 00 00 00 00 00 00
                                 0000758c2a70 00 00 00 00 00 00 00 00 00 00 00 00 00 00 00 00
                                 0000758c2a80 00 00 00 00 00 00 00 00 00 00 00 00 00 00 00 00
                                 0000758c2a90 00 00 00 00 00 00 00 00 00 00 00 00 00 00 00 00
                                 0000758c2aa0 00 00 00 00 00 00 00 00 00 00 00 00 00 00 00 00
                                 0000758c2ab0 00 00 00 00 00 00 00 00 00 00 00 00 00 00 00 00
                                 0000758c2ac0 00 00 00 00 00 00 00 00 00 00 00 00 00 00 00 00
                                 0000758c2ad0 00 00 00 00 00 00 00 00 00 00 00 00 00 00 00 00
                                 0000758c2ae0 00 00 00 00 00 00 00 00 00 00 00 00 00 00 00 00
                                 0000758c2af0 00 00 00 00 00 00 00 00 00 00 00 00 00 00 00 00
Threads[05]:
    Thread ID:                   0000000000000288
    Stack Region:                0000000065f30000-0000000065f51000
    Registers:
        X[00]:                   0000000000989680
        X[01]:                   00000000000f4240
        X[02]:                   00000000001b01cf
        X[03]:                   0000000000000000
        X[04]:                   0000000000000000
        X[05]:                   0000000000000000
        X[06]:                   0000000000000000
        X[07]:                   0000000000000000
        X[08]:                   0000000000000000
        X[09]:                   0000000000000000
        X[10]:                   0000000000000000
        X[11]:                   0000000000000000
        X[12]:                   0000000000000000
        X[13]:                   0000000000000000
        X[14]:                   0000000000000000
        X[15]:                   0000000000000000
        X[16]:                   0000000000000000
        X[17]:                   0000000000000000
        X[18]:                   0000000000000000
        X[19]:                   0000000000000000
        X[20]:                   0000000000000000
        X[21]:                   0000000000000000
        X[22]:                   0000000000000000
        X[23]:                   0000000000000000
        X[24]:                   0000000000000000
        X[25]:                   0000000000000000
        X[26]:                   0000000000000000
        X[27]:                   0000000000000000
        X[28]:                   0000000000000000
        FP:                      0000000065f4ff10
        LR:                      000000006f937608 (tinfoil + 0x137608)
        SP:                      0000000065f4ff10
        PC:                      000000006faf0b04 (tinfoil + 0x2f0b04)
    Stack Trace:
        ReturnAddress[00]:       000000006f8feb44 (tinfoil + 0xfeb44)
        ReturnAddress[01]:       000000006fad64cc (tinfoil + 0x2d64cc)
        ReturnAddress[02]:       0000000000000000
    Stack Dump:                               00 01 02 03 04 05 06 07 08 09 0a 0b 0c 0d 0e 0f
                                 000065f4ff10 20 ff f4 65 00 00 00 00 44 eb 8f 6f 00 00 00 00
                                 000065f4ff20 a0 ff f4 65 00 00 00 00 cc 64 ad 6f 00 00 00 00
                                 000065f4ff30 d0 ff f4 65 00 00 00 00 08 2d 8c 75 00 00 00 00
                                 000065f4ff40 00 b0 8b 74 00 00 00 00 00 00 00 00 00 00 00 00
                                 000065f4ff50 00 00 00 00 00 00 00 00 00 00 00 00 00 00 00 00
                                 000065f4ff60 00 00 00 00 00 00 00 00 00 00 00 00 00 00 00 00
                                 000065f4ff70 f0 e3 8f 6f 00 00 00 00 d0 e3 8f 6f 00 00 00 00
                                 000065f4ff80 a0 ff f4 65 00 00 00 00 94 64 ad 6f 00 00 00 00
                                 000065f4ff90 f0 e3 8f 6f 00 00 00 00 d0 e3 8f 6f 00 00 00 00
                                 000065f4ffa0 00 00 00 00 00 00 00 00 00 00 00 00 00 00 00 00
                                 000065f4ffb0 00 00 00 00 00 00 00 00 00 00 00 00 00 00 00 00
                                 000065f4ffc0 00 00 00 00 00 00 00 00 00 00 00 00 00 00 00 00
                                 000065f4ffd0 c0 bc 63 79 00 00 00 00 70 e9 8f 6f 00 00 00 00
                                 000065f4ffe0 40 bc 63 79 00 00 00 00 00 00 f5 65 00 00 00 00
                                 000065f4fff0 70 07 f5 65 00 00 00 00 00 00 00 00 00 00 00 00
                                 000065f50000 00 00 00 00 00 00 00 00 10 e6 5c 70 00 00 00 00
    TLS Address:                 00000000758c2c00
    TLS Dump:                                 00 01 02 03 04 05 06 07 08 09 0a 0b 0c 0d 0e 0f
                                 0000758c2c00 02 00 00 00 00 00 00 00 00 00 00 00 00 00 00 00
                                 0000758c2c10 53 46 43 4f 00 00 00 00 00 00 00 00 23 86 02 4c
                                 0000758c2c20 ac 9d 00 00 00 00 00 00 00 00 00 00 00 00 00 00
                                 0000758c2c30 01 00 00 00 00 00 00 00 00 00 ad dd ba 00 00 05
                                 0000758c2c40 00 00 00 00 00 00 00 00 00 00 00 00 00 00 00 00
                                 0000758c2c50 00 00 00 00 00 00 00 00 00 00 00 00 00 00 00 00
                                 0000758c2c60 00 00 00 00 00 00 00 00 00 00 00 00 00 00 00 00
                                 0000758c2c70 00 00 00 00 00 00 00 00 00 00 00 00 00 00 00 00
                                 0000758c2c80 00 00 00 00 00 00 00 00 00 00 00 00 00 00 00 00
                                 0000758c2c90 00 00 00 00 00 00 00 00 00 00 00 00 00 00 00 00
                                 0000758c2ca0 00 00 00 00 00 00 00 00 00 00 00 00 00 00 00 00
                                 0000758c2cb0 00 00 00 00 00 00 00 00 00 00 00 00 00 00 00 00
                                 0000758c2cc0 00 00 00 00 00 00 00 00 00 00 00 00 00 00 00 00
                                 0000758c2cd0 00 00 00 00 00 00 00 00 00 00 00 00 00 00 00 00
                                 0000758c2ce0 00 00 00 00 00 00 00 00 00 00 00 00 00 00 00 00
                                 0000758c2cf0 00 00 00 00 00 00 00 00 00 00 00 00 00 00 00 00
Threads[06]:
    Thread ID:                   0000000000000289
    Stack Region:                0000000012405000-0000000012426000
    Registers:
        X[00]:                   000000003b9aca00
        X[01]:                   00000000000f4240
        X[02]:                   00000000001b81ce
        X[03]:                   0000000000000000
        X[04]:                   0000000000000000
        X[05]:                   0000000000000000
        X[06]:                   0000000000000000
        X[07]:                   0000000000000000
        X[08]:                   0000000000000000
        X[09]:                   0000000000000000
        X[10]:                   0000000000000000
        X[11]:                   0000000000000000
        X[12]:                   0000000000000000
        X[13]:                   0000000000000000
        X[14]:                   0000000000000000
        X[15]:                   0000000000000000
        X[16]:                   0000000000000000
        X[17]:                   0000000000000000
        X[18]:                   0000000000000000
        X[19]:                   0000000000000000
        X[20]:                   0000000000000000
        X[21]:                   0000000000000000
        X[22]:                   0000000000000000
        X[23]:                   0000000000000000
        X[24]:                   0000000000000000
        X[25]:                   0000000000000000
        X[26]:                   0000000000000000
        X[27]:                   0000000000000000
        X[28]:                   0000000000000000
        FP:                      0000000012424ef0
        LR:                      000000006f959f5c (tinfoil + 0x159f5c)
        SP:                      0000000012424ef0
        PC:                      000000006faf0b04 (tinfoil + 0x2f0b04)
    Stack Trace:
        ReturnAddress[00]:       000000006f93757c (tinfoil + 0x13757c)
        ReturnAddress[01]:       000000006f8fea6c (tinfoil + 0xfea6c)
        ReturnAddress[02]:       000000006fad64cc (tinfoil + 0x2d64cc)
        ReturnAddress[03]:       0000000000000000
    Stack Dump:                               00 01 02 03 04 05 06 07 08 09 0a 0b 0c 0d 0e 0f
                                 000012424ef0 10 4f 42 12 00 00 00 00 7c 75 93 6f 00 00 00 00
                                 000012424f00 20 35 3b 2e 0c 00 00 00 28 35 3b 2e 0c 00 00 00
                                 000012424f10 20 4f 42 12 00 00 00 00 6c ea 8f 6f 00 00 00 00
                                 000012424f20 a0 4f 42 12 00 00 00 00 cc 64 ad 6f 00 00 00 00
                                 000012424f30 d0 4f 42 12 00 00 00 00 08 2f 8c 75 00 00 00 00
                                 000012424f40 00 b0 8b 74 00 00 00 00 00 00 00 00 00 00 00 00
                                 000012424f50 00 00 00 00 00 00 00 00 00 00 00 00 00 00 00 00
                                 000012424f60 00 00 00 00 00 00 00 00 00 00 00 00 00 00 00 00
                                 000012424f70 f0 e3 8f 6f 00 00 00 00 d0 e3 8f 6f 00 00 00 00
                                 000012424f80 a0 4f 42 12 00 00 00 00 94 64 ad 6f 00 00 00 00
                                 000012424f90 f0 e3 8f 6f 00 00 00 00 d0 e3 8f 6f 00 00 00 00
                                 000012424fa0 00 00 00 00 00 00 00 00 00 00 00 00 00 00 00 00
                                 000012424fb0 00 00 00 00 00 00 00 00 00 00 00 00 00 00 00 00
                                 000012424fc0 00 00 00 00 00 00 00 00 00 00 00 00 00 00 00 00
                                 000012424fd0 a0 35 3b 2e 0c 00 00 00 70 e9 8f 6f 00 00 00 00
                                 000012424fe0 20 35 3b 2e 0c 00 00 00 00 50 42 12 00 00 00 00
    TLS Address:                 00000000758c2e00
    TLS Dump:                                 00 01 02 03 04 05 06 07 08 09 0a 0b 0c 0d 0e 0f
                                 0000758c2e00 02 00 00 00 00 00 00 00 00 00 00 00 00 00 00 00
                                 0000758c2e10 53 46 43 4f 00 00 00 00 00 00 00 00 a2 45 e0 16
                                 0000758c2e20 00 40 75 03 04 00 00 00 00 00 00 00 00 00 00 00
                                 0000758c2e30 00 00 00 00 00 00 00 00 00 00 00 00 00 00 00 00
                                 0000758c2e40 00 00 00 00 00 00 00 00 00 00 00 00 00 00 00 00
                                 0000758c2e50 00 00 00 00 00 00 00 00 00 00 00 00 00 00 00 00
                                 0000758c2e60 00 00 00 00 00 00 00 00 00 00 00 00 00 00 00 00
                                 0000758c2e70 00 00 00 00 00 00 00 00 00 00 00 00 00 00 00 00
                                 0000758c2e80 00 00 00 00 00 00 00 00 00 00 00 00 00 00 00 00
                                 0000758c2e90 00 00 00 00 00 00 00 00 00 00 00 00 00 00 00 00
                                 0000758c2ea0 00 00 00 00 00 00 00 00 00 00 00 00 00 00 00 00
                                 0000758c2eb0 00 00 00 00 00 00 00 00 00 00 00 00 00 00 00 00
                                 0000758c2ec0 00 00 00 00 00 00 00 00 00 00 00 00 00 00 00 00
                                 0000758c2ed0 00 00 00 00 00 00 00 00 00 00 00 00 00 00 00 00
                                 0000758c2ee0 00 00 00 00 00 00 00 00 00 00 00 00 00 00 00 00
                                 0000758c2ef0 00 00 00 00 00 00 00 00 00 00 00 00 00 00 00 00
Threads[07]:
    Thread ID:                   000000000000028a
    Stack Region:                000000003138e000-00000000313af000
    Registers:
        X[00]:                   0000000c2e2bab44
        X[01]:                   0000000c2e2bab68
        X[02]:                   00000000001d01cb
        X[03]:                   001e847ffff0ba80
        X[04]:                   000f424010666988
        X[05]:                   0000000062e0d623
        X[06]:                   0000000000418937
        X[07]:                   aaaaaaaaaaaaaaab
        X[08]:                   0000000000000000
        X[09]:                   0000000000000000
        X[10]:                   0000000000000000
        X[11]:                   0000000000000000
        X[12]:                   0000000000000000
        X[13]:                   0000000000000000
        X[14]:                   0000000000000000
        X[15]:                   0000000000000000
        X[16]:                   0000000000000000
        X[17]:                   0000000000000000
        X[18]:                   0000000000000000
        X[19]:                   0000000000000000
        X[20]:                   0000000000000000
        X[21]:                   0000000000000000
        X[22]:                   0000000000000000
        X[23]:                   0000000000000000
        X[24]:                   0000000000000000
        X[25]:                   0000000000000000
        X[26]:                   0000000000000000
        X[27]:                   0000000000000000
        X[28]:                   0000000000000000
        FP:                      00000000313ade20
        LR:                      000000006faf0c58 (tinfoil + 0x2f0c58)
        SP:                      00000000313ade20
        PC:                      000000006faf0b84 (tinfoil + 0x2f0b84)
    Stack Trace:
        ReturnAddress[00]:       000000006faf4e20 (tinfoil + 0x2f4e20)
        ReturnAddress[01]:       00000000700fa00c (tinfoil + 0x8fa00c)
        ReturnAddress[02]:       000000006fbc870c (tinfoil + 0x3c870c)
        ReturnAddress[03]:       000000006fb85b40 (tinfoil + 0x385b40)
        ReturnAddress[04]:       000000006fb6f9e8 (tinfoil + 0x36f9e8)
        ReturnAddress[05]:       000000006fb6f700 (tinfoil + 0x36f700)
        ReturnAddress[06]:       000000006fb85c4c (tinfoil + 0x385c4c)
        ReturnAddress[07]:       000000006faf4ef8 (tinfoil + 0x2f4ef8)
        ReturnAddress[08]:       000000006fad64cc (tinfoil + 0x2d64cc)
        ReturnAddress[09]:       0000000000000000
    Stack Dump:                               00 01 02 03 04 05 06 07 08 09 0a 0b 0c 0d 0e 0f
                                 0000313ade20 40 de 3a 31 00 00 00 00 20 4e af 6f 00 00 00 00
                                 0000313ade30 44 ab 2b 2e 0c 00 00 00 cb 01 1d 00 00 00 00 00
                                 0000313ade40 60 de 3a 31 00 00 00 00 0c a0 0f 70 00 00 00 00
                                 0000313ade50 60 ab 2b 2e 0c 00 00 00 40 ab 2b 2e 0c 00 00 00
                                 0000313ade60 70 de 3a 31 00 00 00 00 0c 87 bc 6f 00 00 00 00
                                 0000313ade70 b0 de 3a 31 00 00 00 00 40 5b b8 6f 00 00 00 00
                                 0000313ade80 20 ab 2b 2e 0c 00 00 00 10 4e 8c 74 00 00 00 00
                                 0000313ade90 ff ff ff ff 00 00 00 00 d0 4e 8c 74 00 00 00 00
                                 0000313adea0 23 d6 e0 62 00 00 00 00 88 69 66 10 40 42 0f 00
                                 0000313adeb0 e0 de 3a 31 00 00 00 00 e8 f9 b6 6f 00 00 00 00
                                 0000313adec0 00 00 00 00 00 00 00 00 10 4e 8c 74 00 00 00 00
                                 0000313aded0 b0 4e 8c 74 00 00 00 00 40 f8 b6 6f 00 00 00 00
                                 0000313adee0 30 df 3a 31 00 00 00 00 00 f7 b6 6f 00 00 00 00
                                 0000313adef0 e0 ae 2b 2e 0c 00 00 00 40 f8 b6 6f 00 00 00 00
                                 0000313adf00 80 ab 2b 2e 0c 00 00 00 10 4e 8c 74 00 00 00 00
                                 0000313adf10 00 00 00 00 00 00 00 00 00 00 00 00 00 00 00 00
    TLS Address:                 0000000059dad000
    TLS Dump:                                 00 01 02 03 04 05 06 07 08 09 0a 0b 0c 0d 0e 0f
                                 000059dad000 00 00 00 00 00 00 00 00 00 00 00 00 00 00 00 00
                                 000059dad010 00 00 00 00 00 00 00 00 00 00 00 00 00 00 00 00
                                 000059dad020 00 00 00 00 00 00 00 00 00 00 00 00 00 00 00 00
                                 000059dad030 00 00 00 00 00 00 00 00 00 00 00 00 00 00 00 00
                                 000059dad040 00 00 00 00 00 00 00 00 00 00 00 00 00 00 00 00
                                 000059dad050 00 00 00 00 00 00 00 00 00 00 00 00 00 00 00 00
                                 000059dad060 00 00 00 00 00 00 00 00 00 00 00 00 00 00 00 00
                                 000059dad070 00 00 00 00 00 00 00 00 00 00 00 00 00 00 00 00
                                 000059dad080 00 00 00 00 00 00 00 00 00 00 00 00 00 00 00 00
                                 000059dad090 00 00 00 00 00 00 00 00 00 00 00 00 00 00 00 00
                                 000059dad0a0 00 00 00 00 00 00 00 00 00 00 00 00 00 00 00 00
                                 000059dad0b0 00 00 00 00 00 00 00 00 00 00 00 00 00 00 00 00
                                 000059dad0c0 00 00 00 00 00 00 00 00 00 00 00 00 00 00 00 00
                                 000059dad0d0 00 00 00 00 00 00 00 00 00 00 00 00 00 00 00 00
                                 000059dad0e0 00 00 00 00 00 00 00 00 00 00 00 00 00 00 00 00
                                 000059dad0f0 00 00 00 00 00 00 00 00 00 00 00 00 00 00 00 00
Threads[08]:
    Thread ID:                   000000000000028b
    Stack Region:                00000000548e9000-000000005490a000
    Registers:
        X[00]:                   0000000054908e7c
        X[01]:                   0000000054908d80
        X[02]:                   0000000000000001
        X[03]:                   ffffffffffffffff
        X[04]:                   00000000002401be
        X[05]:                   0000000000000001
        X[06]:                   0000000000000000
        X[07]:                   00000000ffffffff
        X[08]:                   0000000000000000
        X[09]:                   0000000000000000
        X[10]:                   0000000000000000
        X[11]:                   0000000000000000
        X[12]:                   0000000000000000
        X[13]:                   0000000000000000
        X[14]:                   0000000000000000
        X[15]:                   0000000000000000
        X[16]:                   0000000000000000
        X[17]:                   0000000000000000
        X[18]:                   0000000000000000
        X[19]:                   0000000000000000
        X[20]:                   0000000000000000
        X[21]:                   0000000000000000
        X[22]:                   0000000000000000
        X[23]:                   0000000000000000
        X[24]:                   0000000000000000
        X[25]:                   0000000000000000
        X[26]:                   0000000000000000
        X[27]:                   0000000000000000
        X[28]:                   0000000000000000
        FP:                      0000000054908d90
        LR:                      000000006fad6d60 (tinfoil + 0x2d6d60)
        SP:                      0000000054908d40
        PC:                      000000006faf0b64 (tinfoil + 0x2f0b64)
    Stack Trace:
        ReturnAddress[00]:       000000006fad5bc0 (tinfoil + 0x2d5bc0)
        ReturnAddress[01]:       000000007008d654 (tinfoil + 0x88d654)
        ReturnAddress[02]:       000000006fb854d4 (tinfoil + 0x3854d4)
        ReturnAddress[03]:       000000006fb58a24 (tinfoil + 0x358a24)
        ReturnAddress[04]:       000000006fb6f700 (tinfoil + 0x36f700)
        ReturnAddress[05]:       000000006fb85c4c (tinfoil + 0x385c4c)
        ReturnAddress[06]:       000000006faf4ef8 (tinfoil + 0x2f4ef8)
        ReturnAddress[07]:       000000006fad64cc (tinfoil + 0x2d64cc)
        ReturnAddress[08]:       0000000000000000
    Stack Dump:                               00 01 02 03 04 05 06 07 08 09 0a 0b 0c 0d 0e 0f
                                 000054908d40 7c 8e 90 54 00 00 00 00 00 00 00 00 00 00 00 00
                                 000054908d50 00 00 00 00 00 00 00 00 00 00 00 00 00 00 00 00
                                 000054908d60 00 00 00 00 00 00 00 00 00 00 00 00 00 00 00 00
                                 000054908d70 00 00 00 00 00 00 00 00 00 00 00 00 00 00 00 00
                                 000054908d80 be 01 24 00 00 00 00 00 00 00 00 00 00 00 00 00
                                 000054908d90 60 8e 90 54 00 00 00 00 c0 5b ad 6f 00 00 00 00
                                 000054908da0 e0 28 a1 36 0c 00 00 00 e8 28 a1 36 0c 00 00 00
                                 000054908db0 00 a0 a1 36 0c 00 00 00 14 95 a0 36 0c 00 00 00
                                 000054908dc0 e8 03 00 00 00 00 00 00 10 95 a0 36 0c 00 00 00
                                 000054908dd0 00 00 00 00 00 00 00 00 d0 9c bd 6f 00 00 00 00
                                 000054908de0 00 40 8c 74 00 00 00 00 00 08 00 00 00 00 00 00
                                 000054908df0 00 00 00 00 00 00 00 00 00 00 00 00 00 00 00 00
                                 000054908e00 10 00 00 00 00 00 00 00 30 00 00 00 00 00 00 00
                                 000054908e10 7c 8e 90 54 00 00 00 00 80 8e 90 54 00 00 00 00
                                 000054908e20 90 8d 90 54 00 00 00 00 ff ff ff ff ff ff ff ff
                                 000054908e30 50 8d 90 54 00 00 00 00 54 8e 90 54 00 00 00 00
    TLS Address:                 0000000059dad200
    TLS Dump:                                 00 01 02 03 04 05 06 07 08 09 0a 0b 0c 0d 0e 0f
                                 000059dad200 00 00 00 00 08 00 00 00 00 00 00 00 00 00 00 00
                                 000059dad210 53 46 43 4f 00 00 00 00 00 00 00 00 a5 25 62 61
                                 000059dad220 00 00 00 00 00 00 00 00 07 00 00 00 00 00 00 00
                                 000059dad230 b8 28 a1 36 0c 00 00 00 e0 28 a1 36 0c 00 08 00
                                 000059dad240 00 00 00 00 00 00 00 00 00 00 00 00 00 00 00 00
                                 000059dad250 00 00 00 00 00 00 00 00 00 00 00 00 00 00 00 00
                                 000059dad260 00 00 00 00 00 00 00 00 00 00 00 00 00 00 00 00
                                 000059dad270 00 00 00 00 00 00 00 00 00 00 00 00 00 00 00 00
                                 000059dad280 00 00 00 00 00 00 00 00 00 00 00 00 00 00 00 00
                                 000059dad290 00 00 00 00 00 00 00 00 00 00 00 00 00 00 00 00
                                 000059dad2a0 00 00 00 00 00 00 00 00 00 00 00 00 00 00 00 00
                                 000059dad2b0 00 00 00 00 00 00 00 00 00 00 00 00 00 00 00 00
                                 000059dad2c0 00 00 00 00 00 00 00 00 00 00 00 00 00 00 00 00
                                 000059dad2d0 00 00 00 00 00 00 00 00 00 00 00 00 00 00 00 00
                                 000059dad2e0 00 00 00 00 00 00 00 00 00 00 00 00 00 00 00 00
                                 000059dad2f0 00 00 00 00 00 00 00 00 00 00 00 00 00 00 00 00
Threads[09]:
    Thread ID:                   000000000000028d
    Stack Region:                00000000424ed000-000000004250e000
    Registers:
        X[00]:                   0000000000000038
        X[01]:                   0000000000000002
        X[02]:                   0000000000000000
        X[03]:                   0000000000000000
        X[04]:                   0000000000000000
        X[05]:                   0000000c3766d920
        X[06]:                   00000000000028c0
        X[07]:                   00000000000028c1
        X[08]:                   0000000000000078
        X[09]:                   00000000705cec00
        X[10]:                   fffffffffffffff0
        X[11]:                   0000000000000000
        X[12]:                   0000000000000000
        X[13]:                   0000000000000000
        X[14]:                   0000000000000000
        X[15]:                   0000000000000000
        X[16]:                   0000000000000000
        X[17]:                   0000000000000000
        X[18]:                   0000000000001260
        X[19]:                   0000000000000000
        X[20]:                   0000000c3c996c20
        X[21]:                   0000000042509018
        X[22]:                   0000000c3766bd30
        X[23]:                   0000000c3766d530
        X[24]:                   0000000c3720f9a0
        X[25]:                   0000000c3720fe10
        X[26]:                   0000000c365c24b0
        X[27]:                   0000000c371f7300
        X[28]:                   0000000000000001
        FP:                      0000000042508e10
        LR:                      000000006f8c3574 (tinfoil + 0xc3574)
        SP:                      0000000042508e10
        PC:                      0000000070097ebc (tinfoil + 0x897ebc)
    Stack Trace:
        ReturnAddress[00]:       000000006f8c3574 (tinfoil + 0xc3574)
        ReturnAddress[01]:       000000006f8c34a8 (tinfoil + 0xc34a8)
        ReturnAddress[02]:       000000006f8c3554 (tinfoil + 0xc3554)
        ReturnAddress[03]:       000000006f8c3554 (tinfoil + 0xc3554)
        ReturnAddress[04]:       000000006f8c3554 (tinfoil + 0xc3554)
        ReturnAddress[05]:       000000006f8cd43c (tinfoil + 0xcd43c)
        ReturnAddress[06]:       000000006f8aff24 (tinfoil + 0xaff24)
        ReturnAddress[07]:       000000006f83ca00 (tinfoil + 0x3ca00)
        ReturnAddress[08]:       000000006f8feb44 (tinfoil + 0xfeb44)
        ReturnAddress[09]:       000000006fad64cc (tinfoil + 0x2d64cc)
        ReturnAddress[10]:       0000000000000000
    Stack Dump:                               00 01 02 03 04 05 06 07 08 09 0a 0b 0c 0d 0e 0f
                                 000042508e10 30 8e 50 42 00 00 00 00 74 35 8c 6f 00 00 00 00
                                 000042508e20 10 fe 20 37 0c 00 00 00 a0 f9 20 37 0c 00 00 00
                                 000042508e30 80 8e 50 42 00 00 00 00 a8 34 8c 6f 00 00 00 00
                                 000042508e40 50 e7 98 3c 0c 00 00 00 b0 bc 66 37 0c 00 00 00
                                 000042508e50 18 90 50 42 00 00 00 00 f0 bc 66 37 0c 00 00 00
                                 000042508e60 70 3b 66 37 0c 00 00 00 a0 f9 20 37 0c 00 00 00
                                 000042508e70 10 fe 20 37 0c 00 00 00 a0 f9 20 37 0c 00 00 00
                                 000042508e80 d0 8e 50 42 00 00 00 00 54 35 8c 6f 00 00 00 00
                                 000042508e90 b0 bc 66 37 0c 00 00 00 60 8a 91 3c 0c 00 00 00
                                 000042508ea0 18 90 50 42 00 00 00 00 70 3b 66 37 0c 00 00 00
                                 000042508eb0 70 3b 66 37 0c 00 00 00 a0 f9 20 37 0c 00 00 00
                                 000042508ec0 10 fe 20 37 0c 00 00 00 a0 f9 20 37 0c 00 00 00
                                 000042508ed0 20 8f 50 42 00 00 00 00 54 35 8c 6f 00 00 00 00
                                 000042508ee0 30 3b 66 37 0c 00 00 00 f0 ba 82 3c 0c 00 00 00
                                 000042508ef0 18 90 50 42 00 00 00 00 70 cd 6d 37 0c 00 00 00
                                 000042508f00 70 cd 6d 37 0c 00 00 00 a0 f9 20 37 0c 00 00 00
    TLS Address:                 0000000059dad400
    TLS Dump:                                 00 01 02 03 04 05 06 07 08 09 0a 0b 0c 0d 0e 0f
                                 000059dad400 04 00 00 00 08 00 00 00 00 00 00 00 00 00 00 00
                                 000059dad410 02 00 00 00 88 00 00 00 00 00 00 00 00 00 00 00
                                 000059dad420 53 46 43 4f 00 00 00 00 00 00 00 00 b6 3d 95 b4
                                 000059dad430 00 00 00 00 00 00 00 00 00 00 00 00 00 00 00 00
                                 000059dad440 0c 00 bc 02 00 00 00 00 44 73 03 00 00 00 00 00
                                 000059dad450 08 00 00 00 80 8b 50 42 00 00 08 00 00 00 00 00
                                 000059dad460 00 00 00 00 00 00 00 00 00 00 00 00 00 00 00 00
                                 000059dad470 00 00 00 00 00 00 00 00 00 00 00 00 00 00 00 00
                                 000059dad480 00 00 00 00 00 00 00 00 00 00 00 00 00 00 00 00
                                 000059dad490 00 00 00 00 00 00 00 00 00 00 00 00 00 00 00 00
                                 000059dad4a0 00 00 00 00 00 00 00 00 00 00 00 00 00 00 00 00
                                 000059dad4b0 00 00 00 00 00 00 00 00 00 00 00 00 00 00 00 00
                                 000059dad4c0 00 00 00 00 00 00 00 00 00 00 00 00 00 00 00 00
                                 000059dad4d0 00 00 00 00 00 00 00 00 00 00 00 00 00 00 00 00
                                 000059dad4e0 00 00 00 00 00 00 00 00 00 00 00 00 00 00 00 00
                                 000059dad4f0 00 00 00 00 00 00 00 00 00 00 00 00 00 00 00 00
Threads[10]:
    Thread ID:                   000000000000028e
    Stack Region:                0000000078f9c000-0000000078fbd000
    Registers:
        X[00]:                   000000003b9aca00
        X[01]:                   00000000000f4240
        X[02]:                   000000003c9481ba
        X[03]:                   0000000000000000
        X[04]:                   0000000000000000
        X[05]:                   0000000000000000
        X[06]:                   0000000000000000
        X[07]:                   0000000000000000
        X[08]:                   0000000000000000
        X[09]:                   0000000000000000
        X[10]:                   0000000000000000
        X[11]:                   0000000000000000
        X[12]:                   0000000000000000
        X[13]:                   0000000000000000
        X[14]:                   0000000000000000
        X[15]:                   0000000000000000
        X[16]:                   0000000000000000
        X[17]:                   0000000000000000
        X[18]:                   0000000000000000
        X[19]:                   0000000000000000
        X[20]:                   0000000000000000
        X[21]:                   0000000000000000
        X[22]:                   0000000000000000
        X[23]:                   0000000000000000
        X[24]:                   0000000000000000
        X[25]:                   0000000000000000
        X[26]:                   0000000000000000
        X[27]:                   0000000000000000
        X[28]:                   0000000000000000
        FP:                      0000000078fbbe40
        LR:                      000000006f85f5c0 (tinfoil + 0x5f5c0)
        SP:                      0000000078fbbe40
        PC:                      000000006faf0b04 (tinfoil + 0x2f0b04)
    Stack Trace:
        ReturnAddress[00]:       000000006f8feb44 (tinfoil + 0xfeb44)
        ReturnAddress[01]:       000000006fad64cc (tinfoil + 0x2d64cc)
        ReturnAddress[02]:       0000000000000000
    Stack Dump:                               00 01 02 03 04 05 06 07 08 09 0a 0b 0c 0d 0e 0f
                                 000078fbbe40 20 bf fb 78 00 00 00 00 44 eb 8f 6f 00 00 00 00
                                 000078fbbe50 b0 02 99 37 0c 00 00 00 b8 02 99 37 0c 00 00 00
                                 000078fbbe60 10 e4 8f 6f 00 00 00 00 60 bf fb 78 00 00 00 00
                                 000078fbbe70 00 00 00 00 00 00 00 00 00 00 00 00 00 00 00 00
                                 000078fbbe80 e0 e4 85 6f 00 00 00 00 40 fc 85 6f 00 00 00 00
                                 000078fbbe90 10 ee 55 70 00 00 00 00 48 80 55 70 00 00 00 00
                                 000078fbbea0 00 00 00 00 00 00 00 00 18 00 00 00 00 00 00 00
                                 000078fbbeb0 20 00 00 00 00 00 00 00 47 61 6d 65 20 43 61 72
                                 000078fbbec0 74 72 69 64 67 65 20 49 6e 73 65 72 74 65 64 00
                                 000078fbbed0 f0 be fb 78 00 00 00 00 10 ee 55 70 00 00 00 00
                                 000078fbbee0 48 80 55 70 00 00 00 00 80 b2 97 37 0c 00 00 00
                                 000078fbbef0 2f 00 00 00 00 00 00 00 2f 00 00 00 00 00 00 00
                                 000078fbbf00 b0 02 99 37 0c 00 00 00 08 d7 da 59 00 00 00 00
                                 000078fbbf10 20 bf fb 78 00 00 00 00 f4 e9 8f 6f 00 00 00 00
                                 000078fbbf20 a0 bf fb 78 00 00 00 00 cc 64 ad 6f 00 00 00 00
                                 000078fbbf30 d0 bf fb 78 00 00 00 00 08 d7 da 59 00 00 00 00
    TLS Address:                 0000000059dad600
    TLS Dump:                                 00 01 02 03 04 05 06 07 08 09 0a 0b 0c 0d 0e 0f
                                 000059dad600 00 00 00 00 0d 00 00 00 00 00 00 00 00 00 00 00
                                 000059dad610 00 00 00 00 00 00 00 00 00 00 00 00 00 00 00 00
                                 000059dad620 53 46 43 4f 00 00 00 00 00 00 00 00 1c e2 84 14
                                 000059dad630 01 00 00 00 00 00 00 00 00 00 00 00 00 00 00 00
                                 000059dad640 00 00 00 00 00 00 00 00 00 00 00 00 00 00 00 00
                                 000059dad650 00 00 00 00 00 00 00 00 00 00 00 00 00 00 00 00
                                 000059dad660 00 00 00 00 00 00 00 00 00 00 00 00 00 00 00 00
                                 000059dad670 00 00 00 00 00 00 00 00 00 00 00 00 00 00 00 00
                                 000059dad680 00 00 00 00 00 00 00 00 00 00 00 00 00 00 00 00
                                 000059dad690 00 00 00 00 00 00 00 00 00 00 00 00 00 00 00 00
                                 000059dad6a0 00 00 00 00 00 00 00 00 00 00 00 00 00 00 00 00
                                 000059dad6b0 00 00 00 00 00 00 00 00 00 00 00 00 00 00 00 00
                                 000059dad6c0 00 00 00 00 00 00 00 00 00 00 00 00 00 00 00 00
                                 000059dad6d0 00 00 00 00 00 00 00 00 00 00 00 00 00 00 00 00
                                 000059dad6e0 00 00 00 00 00 00 00 00 00 00 00 00 00 00 00 00
                                 000059dad6f0 00 00 00 00 00 00 00 00 00 00 00 00 00 00 00 00
Threads[11]:
    Thread ID:                   000000000000028f
    Stack Region:                000000004eaa4000-000000004eac5000
    Registers:
        X[00]:                   000000004eac19bc
        X[01]:                   000000004eac18c0
        X[02]:                   0000000000000001
        X[03]:                   000000001dcd6500
        X[04]:                   000000003c9581b8
        X[05]:                   0000000000000000
        X[06]:                   0000000000000000
        X[07]:                   00000000ffffffff
        X[08]:                   0000000000000000
        X[09]:                   0000000000000000
        X[10]:                   0000000000000000
        X[11]:                   0000000000000000
        X[12]:                   0000000000000000
        X[13]:                   0000000000000000
        X[14]:                   0000000000000000
        X[15]:                   0000000000000000
        X[16]:                   0000000000000000
        X[17]:                   0000000000000000
        X[18]:                   0000000000000000
        X[19]:                   0000000000000000
        X[20]:                   0000000000000000
        X[21]:                   0000000000000000
        X[22]:                   0000000000000000
        X[23]:                   0000000000000000
        X[24]:                   0000000000000000
        X[25]:                   0000000000000000
        X[26]:                   0000000000000000
        X[27]:                   0000000000000000
        X[28]:                   0000000000000000
        FP:                      000000004eac18d0
        LR:                      000000006fad6d60 (tinfoil + 0x2d6d60)
        SP:                      000000004eac1880
        PC:                      000000006faf0b64 (tinfoil + 0x2f0b64)
    Stack Trace:
        ReturnAddress[00]:       000000006fad5bc0 (tinfoil + 0x2d5bc0)
        ReturnAddress[01]:       000000006f997f60 (tinfoil + 0x197f60)
        ReturnAddress[02]:       000000006f8feb44 (tinfoil + 0xfeb44)
        ReturnAddress[03]:       000000006fad64cc (tinfoil + 0x2d64cc)
        ReturnAddress[04]:       0000000000000000
    Stack Dump:                               00 01 02 03 04 05 06 07 08 09 0a 0b 0c 0d 0e 0f
                                 00004eac1880 bc 19 ac 4e 00 00 00 00 6a 41 64 42 67 4e 56 48
                                 00004eac1890 51 34 45 46 67 51 55 74 5a 6e 34 72 37 43 55 39
                                 00004eac18a0 65 4d 67 31 67 71 74 7a 6b 35 57 70 43 35 75 0a
                                 00004eac18b0 51 75 30 77 44 51 59 4a 4b 6f 5a 49 68 76 63 4e
                                 00004eac18c0 b8 81 95 3c 42 51 41 44 67 67 49 42 41 43 59 47
                                 00004eac18d0 a0 19 ac 4e 00 00 00 00 c0 5b ad 6f 00 00 00 00
                                 00004eac18e0 c8 20 59 3b 0c 00 00 00 d0 20 59 3b 0c 00 00 00
                                 00004eac18f0 c8 20 59 3b 0c 00 00 00 60 3f ac 4e 00 00 00 00
                                 00004eac1900 80 3f ac 4e 00 00 00 00 f8 20 59 3b 0c 00 00 00
                                 00004eac1910 00 00 00 00 00 00 00 00 a0 1c ac 4e 00 00 00 00
                                 00004eac1920 00 00 00 00 00 00 00 00 00 00 00 00 00 00 00 00
                                 00004eac1930 6a 66 37 78 75 65 51 67 ed 8d 9c 04 03 00 00 00
                                 00004eac1940 10 00 00 00 00 00 00 00 30 00 00 00 00 00 00 00
                                 00004eac1950 bc 19 ac 4e 00 00 00 00 c0 19 ac 4e 00 00 00 00
                                 00004eac1960 d0 18 ac 4e 00 00 00 00 00 65 cd 1d 00 00 00 00
                                 00004eac1970 90 18 ac 4e 00 00 00 00 94 19 ac 4e 00 00 00 00
    TLS Address:                 0000000059dad800
    TLS Dump:                                 00 01 02 03 04 05 06 07 08 09 0a 0b 0c 0d 0e 0f
                                 000059dad800 00 00 00 00 0d 00 00 00 00 00 00 00 00 00 00 00
                                 000059dad810 00 00 00 00 00 00 00 00 00 00 00 00 00 00 00 00
                                 000059dad820 53 46 43 4f 00 00 00 00 00 00 00 00 38 1d e4 b3
                                 000059dad830 00 00 00 00 00 00 00 00 00 00 00 00 00 00 00 00
                                 000059dad840 80 03 00 00 00 00 00 00 00 00 00 00 00 08 06 50
                                 000059dad850 00 00 00 00 00 00 00 00 00 00 00 00 00 00 00 00
                                 000059dad860 00 00 00 00 00 00 00 00 00 00 00 00 00 00 00 00
                                 000059dad870 00 00 00 00 00 00 00 00 00 00 00 00 00 00 00 00
                                 000059dad880 00 00 00 00 00 00 00 00 00 00 00 00 00 00 00 00
                                 000059dad890 00 00 00 00 00 00 00 00 00 00 00 00 00 00 00 00
                                 000059dad8a0 00 00 00 00 00 00 00 00 00 00 00 00 00 00 00 00
                                 000059dad8b0 00 00 00 00 00 00 00 00 00 00 00 00 00 00 00 00
                                 000059dad8c0 00 00 00 00 00 00 00 00 00 00 00 00 00 00 00 00
                                 000059dad8d0 00 00 00 00 00 00 00 00 00 00 00 00 00 00 00 00
                                 000059dad8e0 00 00 00 00 00 00 00 00 00 00 00 00 00 00 00 00
                                 000059dad8f0 00 00 00 00 00 00 00 00 00 00 00 00 00 00 00 00
Threads[12]:
    Thread ID:                   0000000000000290
    Stack Region:                0000000018b21000-0000000018b42000
    Registers:
        X[00]:                   0000000018b41000
        X[01]:                   0000000c3b559200
        X[02]:                   0000001872fcaf70
        X[03]:                   0000000c37482670
        X[04]:                   00000000705cec60
        X[05]:                   0000000000000008
        X[06]:                   00000000000021f0
        X[07]:                   00000000000021f1
        X[08]:                   0101010101010101
        X[09]:                   0000000c2e200620
        X[10]:                   0000000000000020
        X[11]:                   0101010101010101
        X[12]:                   0000000000000028
        X[13]:                   ffffffffffffffff
        X[14]:                   ffffff0000000000
        X[15]:                   ffffffffffffffff
        X[16]:                   000000006faed6b0 (tinfoil + 0x2ed6b0)
        X[17]:                   0000000000000000
        X[18]:                   0000000018b40817
        X[19]:                   0000000000000030
        X[20]:                   0000000018b41000
        X[21]:                   0000000070557000
        X[22]:                   000000006f904000 (tinfoil + 0x104000)
        X[23]:                   0000000c3b559210
        X[24]:                   0000000000000000
        X[25]:                   0000000c3a9705f0
        X[26]:                   0000000c371a5630
        X[27]:                   0000000018b3e3c0
        X[28]:                   0000000000000007
        FP:                      0000000018b3dcd0
        LR:                      00000000700e9868 (tinfoil + 0x8e9868)
        SP:                      0000000018b3dcd0
        PC:                      00000000700e9b78 (tinfoil + 0x8e9b78)
    Stack Trace:
        ReturnAddress[00]:       0000000070097ecc (tinfoil + 0x897ecc)
        ReturnAddress[01]:       000000006f905c94 (tinfoil + 0x105c94)
        ReturnAddress[02]:       000000006f91cdd4 (tinfoil + 0x11cdd4)
        ReturnAddress[03]:       000000006f904664 (tinfoil + 0x104664)
        ReturnAddress[04]:       000000006f905ab8 (tinfoil + 0x105ab8)
        ReturnAddress[05]:       000000006f8e9518 (tinfoil + 0xe9518)
        ReturnAddress[06]:       000000006f88e94c (tinfoil + 0x8e94c)
        ReturnAddress[07]:       000000006f824ae8 (tinfoil + 0x24ae8)
        ReturnAddress[08]:       000000006f824cd8 (tinfoil + 0x24cd8)
        ReturnAddress[09]:       000000006f8f8d14 (tinfoil + 0xf8d14)
        ReturnAddress[10]:       000000006f99532c (tinfoil + 0x19532c)
        ReturnAddress[11]:       000000006f8feb44 (tinfoil + 0xfeb44)
        ReturnAddress[12]:       000000006fad64cc (tinfoil + 0x2d64cc)
        ReturnAddress[13]:       0000000000000000
    Stack Dump:                               00 01 02 03 04 05 06 07 08 09 0a 0b 0c 0d 0e 0f
                                 000018b3dcd0 40 dd b3 18 00 00 00 00 cc 7e 09 70 00 00 00 00
                                 000018b3dce0 20 00 00 00 00 00 00 00 d0 de 66 37 0c 00 00 00
                                 000018b3dcf0 01 00 00 00 00 00 00 00 00 40 90 6f 00 00 00 00
                                 000018b3dd00 48 df b3 18 00 00 00 00 00 00 00 00 00 00 00 00
                                 000018b3dd10 40 01 00 00 00 00 00 00 00 10 b4 18 00 00 00 00
                                 000018b3dd20 40 dd b3 18 00 00 00 00 cc 7e 09 70 00 00 00 00
                                 000018b3dd30 20 00 00 00 00 00 00 00 40 91 20 2e 0c 00 00 00
                                 000018b3dd40 60 dd b3 18 00 00 00 00 94 5c 90 6f 00 00 00 00
                                 000018b3dd50 c0 de 66 37 0c 00 00 00 d0 de 66 37 0c 00 00 00
                                 000018b3dd60 90 dd b3 18 00 00 00 00 d4 cd 91 6f 00 00 00 00
                                 000018b3dd70 c0 de 66 37 0c 00 00 00 40 91 20 2e 0c 00 00 00
                                 000018b3dd80 38 01 00 00 00 00 00 00 30 46 90 6f 00 00 00 00
                                 000018b3dd90 b0 dd b3 18 00 00 00 00 64 46 90 6f 00 00 00 00
                                 000018b3dda0 c0 de 66 37 0c 00 00 00 00 00 00 00 00 00 00 00
                                 000018b3ddb0 00 de b3 18 00 00 00 00 b8 5a 90 6f 00 00 00 00
                                 000018b3ddc0 c8 e1 b3 18 00 00 00 00 90 df b3 18 00 00 00 00
    TLS Address:                 0000000059dada00
    TLS Dump:                                 00 01 02 03 04 05 06 07 08 09 0a 0b 0c 0d 0e 0f
                                 000059dada00 00 00 00 00 09 00 00 00 00 00 00 00 00 00 00 00
                                 000059dada10 53 46 43 4f 00 00 00 00 00 00 00 00 39 2c 9d 05
                                 000059dada20 00 00 00 00 00 00 00 00 00 00 00 00 00 00 00 00
                                 000059dada30 07 00 00 00 00 00 00 00 00 a0 1d 08 b0 f0 00 01
                                 000059dada40 05 00 00 00 00 00 00 00 00 00 00 00 00 00 00 00
                                 000059dada50 00 00 00 00 00 00 00 00 00 00 00 00 00 00 00 00
                                 000059dada60 00 00 00 00 00 00 00 00 00 00 00 00 00 00 00 00
                                 000059dada70 00 00 00 00 00 00 00 00 00 00 00 00 00 00 00 00
                                 000059dada80 00 00 00 00 00 00 00 00 00 00 00 00 00 00 00 00
                                 000059dada90 00 00 00 00 00 00 00 00 00 00 00 00 00 00 00 00
                                 000059dadaa0 00 00 00 00 00 00 00 00 00 00 00 00 00 00 00 00
                                 000059dadab0 00 00 00 00 00 00 00 00 00 00 00 00 00 00 00 00
                                 000059dadac0 00 00 00 00 00 00 00 00 00 00 00 00 00 00 00 00
                                 000059dadad0 00 00 00 00 00 00 00 00 00 00 00 00 00 00 00 00
                                 000059dadae0 00 00 00 00 00 00 00 00 00 00 00 00 00 00 00 00
                                 000059dadaf0 00 00 00 00 00 00 00 00 00 00 00 00 00 00 00 00
Threads[13]:
    Thread ID:                   0000000000000291
    Stack Region:                000000003cc21000-000000003cc42000
    Registers:
        X[00]:                   000000003cc40b4c
        X[01]:                   000000003cc40a50
        X[02]:                   0000000000000001
        X[03]:                   ffffffffffffffff
        X[04]:                   000000003c9981b0
        X[05]:                   0000000000000000
        X[06]:                   0000000000000000
        X[07]:                   00000000ffffffff
        X[08]:                   0000000000000000
        X[09]:                   0000000000000000
        X[10]:                   0000000000000000
        X[11]:                   0000000000000000
        X[12]:                   0000000000000000
        X[13]:                   0000000000000000
        X[14]:                   0000000000000000
        X[15]:                   0000000000000000
        X[16]:                   0000000000000000
        X[17]:                   0000000000000000
        X[18]:                   0000000000000000
        X[19]:                   0000000000000000
        X[20]:                   0000000000000000
        X[21]:                   0000000000000000
        X[22]:                   0000000000000000
        X[23]:                   0000000000000000
        X[24]:                   0000000000000000
        X[25]:                   0000000000000000
        X[26]:                   0000000000000000
        X[27]:                   0000000000000000
        X[28]:                   0000000000000000
        FP:                      000000003cc40a60
        LR:                      000000006fad6d60 (tinfoil + 0x2d6d60)
        SP:                      000000003cc40a10
        PC:                      000000006faf0b64 (tinfoil + 0x2f0b64)
    Stack Trace:
        ReturnAddress[00]:       000000006fad5bc0 (tinfoil + 0x2d5bc0)
        ReturnAddress[01]:       000000006f988cdc (tinfoil + 0x188cdc)
        ReturnAddress[02]:       000000006f989470 (tinfoil + 0x189470)
        ReturnAddress[03]:       000000006f993868 (tinfoil + 0x193868)
        ReturnAddress[04]:       000000006f994248 (tinfoil + 0x194248)
        ReturnAddress[05]:       000000006f8fea6c (tinfoil + 0xfea6c)
        ReturnAddress[06]:       000000006fad64cc (tinfoil + 0x2d64cc)
        ReturnAddress[07]:       0000000000000000
    Stack Dump:                               00 01 02 03 04 05 06 07 08 09 0a 0b 0c 0d 0e 0f
                                 00003cc40a10 4c 0b c4 3c 00 00 00 00 80 ec 5c 70 00 00 00 00
                                 00003cc40a20 00 00 00 00 00 00 00 00 00 00 00 00 00 00 00 00
                                 00003cc40a30 08 50 4f 13 00 ef 00 01 40 29 f4 41 0c 00 00 00
                                 00003cc40a40 80 00 00 00 00 00 00 00 40 00 00 00 00 00 00 00
                                 00003cc40a50 b0 81 99 3c 00 00 00 00 d0 d9 08 38 0c 00 00 00
                                 00003cc40a60 30 0b c4 3c 00 00 00 00 c0 5b ad 6f 00 00 00 00
                                 00003cc40a70 60 cc 46 37 0c 00 00 00 20 00 00 00 00 00 00 00
                                 00003cc40a80 03 00 00 00 00 00 00 00 c8 0d c4 3c 00 00 00 00
                                 00003cc40a90 c8 0d 00 00 00 00 00 00 e8 0d c4 3c 00 00 00 00
                                 00003cc40aa0 88 cc 46 37 0c 00 00 00 00 00 00 00 00 00 00 00
                                 00003cc40ab0 f0 0b c4 3c 00 00 00 00 20 81 55 70 00 00 00 00
                                 00003cc40ac0 40 ee f3 41 0c 00 00 00 00 00 00 00 00 00 00 00
                                 00003cc40ad0 10 00 00 00 00 00 00 00 30 00 00 00 00 00 00 00
                                 00003cc40ae0 4c 0b c4 3c 00 00 00 00 50 0b c4 3c 00 00 00 00
                                 00003cc40af0 60 0a c4 3c 00 00 00 00 ff ff ff ff ff ff ff ff
                                 00003cc40b00 20 0a c4 3c 00 00 00 00 24 0b c4 3c 00 00 00 00
    TLS Address:                 0000000059dadc00
    TLS Dump:                                 00 01 02 03 04 05 06 07 08 09 0a 0b 0c 0d 0e 0f
                                 000059dadc00 00 00 00 00 0d 00 00 00 00 00 00 00 00 00 00 00
                                 000059dadc10 00 00 00 00 00 00 00 00 00 00 00 00 00 00 00 00
                                 000059dadc20 53 46 43 4f 00 00 00 00 00 00 00 00 a4 43 7e 10
                                 000059dadc30 81 01 00 00 00 00 00 00 00 00 00 00 0c 00 00 00
                                 000059dadc40 00 00 00 00 00 00 00 00 00 00 00 00 00 00 00 00
                                 000059dadc50 00 00 00 00 00 00 00 00 00 00 00 00 00 00 00 00
                                 000059dadc60 00 00 00 00 00 00 00 00 00 00 00 00 00 00 00 00
                                 000059dadc70 00 00 00 00 00 00 00 00 00 00 00 00 00 00 00 00
                                 000059dadc80 00 00 00 00 00 00 00 00 00 00 00 00 00 00 00 00
                                 000059dadc90 00 00 00 00 00 00 00 00 00 00 00 00 00 00 00 00
                                 000059dadca0 00 00 00 00 00 00 00 00 00 00 00 00 00 00 00 00
                                 000059dadcb0 00 00 00 00 00 00 00 00 00 00 00 00 00 00 00 00
                                 000059dadcc0 00 00 00 00 00 00 00 00 00 00 00 00 00 00 00 00
                                 000059dadcd0 00 00 00 00 00 00 00 00 00 00 00 00 00 00 00 00
                                 000059dadce0 00 00 00 00 00 00 00 00 00 00 00 00 00 00 00 00
                                 000059dadcf0 00 00 00 00 00 00 00 00 00 00 00 00 00 00 00 00
Threads[14]:
    Thread ID:                   0000000000000293
    Stack Region:                0000000035b1c000-0000000035b3d000
    Registers:
        X[00]:                   00000000000f4240
        X[01]:                   00000000000f4240
        X[02]:                   000000007055ee80
        X[03]:                   0000000000000000
        X[04]:                   0000000000000000
        X[05]:                   0000000000000000
        X[06]:                   0000000000000000
        X[07]:                   0000000000000000
        X[08]:                   0000000000000000
        X[09]:                   0000000000000000
        X[10]:                   0000000000000000
        X[11]:                   0000000000000000
        X[12]:                   0000000000000000
        X[13]:                   0000000000000000
        X[14]:                   0000000000000000
        X[15]:                   0000000000000000
        X[16]:                   0000000000000000
        X[17]:                   0000000000000000
        X[18]:                   0000000000000000
        X[19]:                   0000000000000000
        X[20]:                   0000000000000000
        X[21]:                   0000000000000000
        X[22]:                   0000000000000000
        X[23]:                   0000000000000000
        X[24]:                   0000000000000000
        X[25]:                   0000000000000000
        X[26]:                   0000000000000000
        X[27]:                   0000000000000000
        X[28]:                   0000000000000000
        FP:                      0000000035b3bf10
        LR:                      000000006fa0dba8 (tinfoil + 0x20dba8)
        SP:                      0000000035b3bf10
        PC:                      000000006faf0b04 (tinfoil + 0x2f0b04)
    Stack Trace:
        ReturnAddress[00]:       000000006f8fea6c (tinfoil + 0xfea6c)
        ReturnAddress[01]:       000000006fad64cc (tinfoil + 0x2d64cc)
        ReturnAddress[02]:       0000000000000000
    Stack Dump:                               00 01 02 03 04 05 06 07 08 09 0a 0b 0c 0d 0e 0f
                                 000035b3bf10 20 bf b3 35 00 00 00 00 6c ea 8f 6f 00 00 00 00
                                 000035b3bf20 a0 bf b3 35 00 00 00 00 cc 64 ad 6f 00 00 00 00
                                 000035b3bf30 d0 bf b3 35 00 00 00 00 08 df da 59 00 00 00 00
                                 000035b3bf40 00 b0 8b 74 00 00 00 00 00 00 00 00 00 00 00 00
                                 000035b3bf50 00 00 00 00 00 00 00 00 00 00 00 00 00 00 00 00
                                 000035b3bf60 00 c8 25 0d 00 65 00 01 50 42 11 3e 0c 00 00 00
                                 000035b3bf70 f0 e3 8f 6f 00 00 00 00 d0 e3 8f 6f 00 00 00 00
                                 000035b3bf80 a0 bf b3 35 00 00 00 00 94 64 ad 6f 00 00 00 00
                                 000035b3bf90 f0 e3 8f 6f 00 00 00 00 d0 e3 8f 6f 00 00 00 00
                                 000035b3bfa0 00 00 00 00 00 00 00 00 00 00 00 00 00 00 00 00
                                 000035b3bfb0 00 00 00 00 00 00 00 00 00 00 00 00 00 00 00 00
                                 000035b3bfc0 00 00 00 00 00 00 00 00 c0 9e 88 3a 0c 00 00 00
                                 000035b3bfd0 68 8b 31 2e 0c 00 00 00 70 e9 8f 6f 00 00 00 00
                                 000035b3bfe0 e8 8a 31 2e 0c 00 00 00 00 c0 b3 35 00 00 00 00
                                 000035b3bff0 70 c7 b3 35 00 00 00 00 40 00 00 00 00 00 00 00
                                 000035b3c000 00 00 00 00 00 00 00 00 10 e6 5c 70 00 00 00 00
    TLS Address:                 0000000059dade00
    TLS Dump:                                 00 01 02 03 04 05 06 07 08 09 0a 0b 0c 0d 0e 0f
                                 000059dade00 00 00 00 00 00 00 00 00 00 00 00 00 00 00 00 00
                                 000059dade10 00 00 00 00 00 00 00 00 00 00 00 00 00 00 00 00
                                 000059dade20 00 00 00 00 00 00 00 00 00 00 00 00 00 00 00 00
                                 000059dade30 00 00 00 00 00 00 00 00 00 00 00 00 00 00 00 00
                                 000059dade40 00 00 00 00 00 00 00 00 00 00 00 00 00 00 00 00
                                 000059dade50 00 00 00 00 00 00 00 00 00 00 00 00 00 00 00 00
                                 000059dade60 00 00 00 00 00 00 00 00 00 00 00 00 00 00 00 00
                                 000059dade70 00 00 00 00 00 00 00 00 00 00 00 00 00 00 00 00
                                 000059dade80 00 00 00 00 00 00 00 00 00 00 00 00 00 00 00 00
                                 000059dade90 00 00 00 00 00 00 00 00 00 00 00 00 00 00 00 00
                                 000059dadea0 00 00 00 00 00 00 00 00 00 00 00 00 00 00 00 00
                                 000059dadeb0 00 00 00 00 00 00 00 00 00 00 00 00 00 00 00 00
                                 000059dadec0 00 00 00 00 00 00 00 00 00 00 00 00 00 00 00 00
                                 000059daded0 00 00 00 00 00 00 00 00 00 00 00 00 00 00 00 00
                                 000059dadee0 00 00 00 00 00 00 00 00 00 00 00 00 00 00 00 00
                                 000059dadef0 00 00 00 00 00 00 00 00 00 00 00 00 00 00 00 00
Threads[15]:
    Thread ID:                   0000000000000294
    Stack Region:                000000004d634000-000000004d655000
    Registers:
        X[00]:                   000000003c9681b6
        X[01]:                   0000000000000003
        X[02]:                   000000000000000c
        X[03]:                   0000000000200001
        X[04]:                   0000001000000004
        X[05]:                   0000000c3762a00c
        X[06]:                   200100030000000c
        X[07]:                   0000000220010003
        X[08]:                   0000000000000000
        X[09]:                   0000000000000000
        X[10]:                   0000000000000000
        X[11]:                   0000000000000000
        X[12]:                   0000000000000000
        X[13]:                   0000000000000000
        X[14]:                   0000000000000000
        X[15]:                   0000000000000000
        X[16]:                   0000000000000000
        X[17]:                   0000000000000000
        X[18]:                   0000000000000000
        X[19]:                   0000000000000000
        X[20]:                   0000000000000000
        X[21]:                   0000000000000000
        X[22]:                   0000000000000000
        X[23]:                   0000000000000000
        X[24]:                   0000000000000000
        X[25]:                   0000000000000000
        X[26]:                   0000000000000000
        X[27]:                   0000000000000000
        X[28]:                   0000000000000000
        FP:                      000000004d653c70
        LR:                      000000006fae58e4 (tinfoil + 0x2e58e4)
        SP:                      000000004d653c70
        PC:                      000000006faf0bb0 (tinfoil + 0x2f0bb0)
    Stack Trace:
        ReturnAddress[00]:       000000006f988cc4 (tinfoil + 0x188cc4)
        ReturnAddress[01]:       000000006f989470 (tinfoil + 0x189470)
        ReturnAddress[02]:       000000006fa0d9c0 (tinfoil + 0x20d9c0)
        ReturnAddress[03]:       000000006fa1354c (tinfoil + 0x21354c)
        ReturnAddress[04]:       000000006f98b234 (tinfoil + 0x18b234)
        ReturnAddress[05]:       000000006f8fea6c (tinfoil + 0xfea6c)
        ReturnAddress[06]:       000000006fad64cc (tinfoil + 0x2d64cc)
        ReturnAddress[07]:       0000000000000000
    Stack Dump:                               00 01 02 03 04 05 06 07 08 09 0a 0b 0c 0d 0e 0f
                                 00004d653c70 b0 3c 65 4d 00 00 00 00 c4 8c 98 6f 00 00 00 00
                                 00004d653c80 70 1a 97 37 0c 00 00 00 0c 00 00 00 00 00 00 00
                                 00004d653c90 03 00 00 00 00 00 00 00 e0 70 99 37 0c 00 00 00
                                 00004d653ca0 e0 00 00 00 00 00 00 00 a8 3d 65 4d 00 00 00 00
                                 00004d653cb0 30 3e 65 4d 00 00 00 00 70 94 98 6f 00 00 00 00
                                 00004d653cc0 0c 00 00 00 00 00 00 00 e0 70 99 37 0c 00 00 00
                                 00004d653cd0 70 1a 97 37 0c 00 00 00 ff ff ff ff ff ff ff ff
                                 00004d653ce0 00 80 55 70 00 00 00 00 c0 3e 65 4d 00 00 00 00
                                 00004d653cf0 00 00 00 00 00 00 00 00 00 00 00 00 00 00 00 00
                                 00004d653d00 00 00 00 00 00 00 00 00 00 00 00 00 00 00 00 00
                                 00004d653d10 00 00 00 00 00 00 00 00 d0 b9 1b 70 00 00 00 00
                                 00004d653d20 ff ff ff ff ff ff ff ff 00 00 00 00 00 00 00 00
                                 00004d653d30 70 f1 5c 70 00 00 00 00 58 55 5d 36 00 00 00 00
                                 00004d653d40 00 00 00 00 00 00 00 00 88 5d ad 6f 00 00 00 00
                                 00004d653d50 68 7c a3 74 00 00 00 00 00 e0 d7 2f 00 00 00 00
                                 00004d653d60 80 3d 65 4d 00 00 00 00 68 98 0e 70 00 00 00 00
    TLS Address:                 000000002fd7e000
    TLS Dump:                                 00 01 02 03 04 05 06 07 08 09 0a 0b 0c 0d 0e 0f
                                 00002fd7e000 00 00 00 00 0d 00 00 00 00 00 00 00 00 00 00 00
                                 00002fd7e010 00 00 00 00 00 00 00 00 00 00 00 00 00 00 00 00
                                 00002fd7e020 53 46 43 4f 00 00 00 00 00 00 00 00 a4 43 7e 10
                                 00002fd7e030 c2 01 00 00 00 00 00 00 00 00 00 00 0c 00 00 00
                                 00002fd7e040 00 00 00 00 00 00 00 00 00 00 00 00 00 00 00 00
                                 00002fd7e050 00 00 00 00 00 00 00 00 00 00 00 00 00 00 00 00
                                 00002fd7e060 00 00 00 00 00 00 00 00 00 00 00 00 00 00 00 00
                                 00002fd7e070 00 00 00 00 00 00 00 00 00 00 00 00 00 00 00 00
                                 00002fd7e080 00 00 00 00 00 00 00 00 00 00 00 00 00 00 00 00
                                 00002fd7e090 00 00 00 00 00 00 00 00 00 00 00 00 00 00 00 00
                                 00002fd7e0a0 00 00 00 00 00 00 00 00 00 00 00 00 00 00 00 00
                                 00002fd7e0b0 01 00 00 00 00 00 00 00 00 00 00 00 00 00 00 00
                                 00002fd7e0c0 00 00 00 00 00 00 00 00 00 00 00 00 00 00 00 00
                                 00002fd7e0d0 00 00 00 00 00 00 00 00 00 00 00 00 00 00 00 00
                                 00002fd7e0e0 00 00 00 00 00 00 00 00 00 00 00 00 00 00 00 00
                                 00002fd7e0f0 00 00 00 00 00 00 00 00 00 00 00 00 00 00 00 00
